\BOOKMARK [0][-]{chapter.1}{\376\377\000A\000l\000g\000e\000b\000r\000a}{}% 1
\BOOKMARK [1][-]{section.1.1}{\376\377\000T\000a\000l\000n\000a\000k\000e\000r\000f\000i}{chapter.1}% 2
\BOOKMARK [1][-]{section.1.2}{\376\377\000F\000o\000r\000g\000a\000n\000g\000s\000r\000\366\000\360\000u\000n\000\040\000a\000\360\000g\000e\000r\000\360\000a}{chapter.1}% 3
\BOOKMARK [1][-]{section.1.3}{\376\377\000R\000e\000i\000k\000n\000i\000r\000e\000g\000l\000u\000r}{chapter.1}% 4
\BOOKMARK [1][-]{section.1.4}{\376\377\000F\000r\000u\000m\000t\000\366\000l\000u\000r}{chapter.1}% 5
\BOOKMARK [1][-]{section.1.5}{\376\377\000B\000r\000o\000t\000a\000r\000e\000i\000k\000n\000i\000n\000g\000u\000r}{chapter.1}% 6
\BOOKMARK [1][-]{section.1.6}{\376\377\000D\000e\000i\000l\000i\000n\000g\000\040\000m\000e\000\360\000\040\000a\000f\000g\000a\000n\000g\000i}{chapter.1}% 7
\BOOKMARK [1][-]{section.1.7}{\376\377\000V\000e\000l\000d\000i\000\040\000o\000g\000\040\000r\000\346\000t\000u\000r}{chapter.1}% 8
\BOOKMARK [0][-]{chapter.2}{\376\377\000J\000\366\000f\000n\000u\000r\000\040\000o\000g\000\040\000\363\000j\000\366\000f\000n\000u\000r}{}% 9
\BOOKMARK [1][-]{section.2.1}{\376\377\000J\000\366\000f\000n\000u\000r}{chapter.2}% 10
\BOOKMARK [1][-]{section.2.2}{\376\377\000L\000i\000\360\000u\000n\000\040\000o\000g\000\040\000\376\000\341\000t\000t\000u\000n}{chapter.2}% 11
\BOOKMARK [1][-]{section.2.3}{\376\377\000J\000\366\000f\000n\000u\000h\000n\000e\000p\000p\000i}{chapter.2}% 12
\BOOKMARK [1][-]{section.2.4}{\376\377\000\323\000j\000\366\000f\000n\000u\000r\000\040\000o\000g\000\040\000t\000\366\000l\000u\000g\000i\000l\000d\000i}{chapter.2}% 13
\BOOKMARK [1][-]{section.2.5}{\376\377\000S\000u\000m\000m\000u\000-\000\040\000o\000g\000\040\000m\000a\000r\000g\000f\000e\000l\000d\000i\000s\000t\000\341\000k\000n\000i\000\360}{chapter.2}% 14
\BOOKMARK [0][-]{chapter.3}{\376\377\000R\000\372\000m\000f\000r\000\346\000\360\000i}{}% 15
\BOOKMARK [1][-]{section.3.1}{\376\377\000H\000n\000i\000t\000a\000k\000e\000r\000f\000i}{chapter.3}% 16
\BOOKMARK [1][-]{section.3.2}{\376\377\000J\000a\000f\000n\000a\000\040\000l\000\355\000n\000u\000\040\000\355\000\040\000h\000n\000i\000t\000a\000k\000e\000r\000f\000i\000n\000u}{chapter.3}% 17
\BOOKMARK [1][-]{section.3.3}{\376\377\000H\000a\000l\000l\000a\000t\000a\000l\000a\000\040\000o\000g\000\040\000s\000k\000u\000r\000\360\000p\000u\000n\000k\000t\000u\000r\000\040\000v\000i\000\360\000\040\000\341\000s\000a}{chapter.3}% 18
\BOOKMARK [1][-]{section.3.4}{\376\377\000M\000e\000i\000r\000a\000\040\000u\000m\000\040\000j\000\366\000f\000n\000u\000\040\000l\000\355\000n\000u}{chapter.3}% 19
\BOOKMARK [1][-]{section.3.5}{\376\377\000K\000e\000i\000l\000u\000s\000n\000i\000\360}{chapter.3}% 20
\BOOKMARK [1][-]{section.3.6}{\376\377\000F\000l\000a\000t\000a\000r\000m\000y\000n\000d\000i\000r}{chapter.3}% 21
\BOOKMARK [0][-]{chapter.4}{\376\377\000M\000e\000n\000g\000i}{}% 22
\BOOKMARK [1][-]{section.4.1}{\376\377\000G\000r\000u\000n\000n\000h\000u\000g\000t\000\366\000k}{chapter.4}% 23
\BOOKMARK [1][-]{section.4.2}{\376\377\000Y\000r\000\360\000i\000n\000g\000a\000r\000\040\000t\000i\000l\000\040\000a\000\360\000\040\000s\000k\000i\000l\000g\000r\000e\000i\000n\000a\000\040\000m\000e\000n\000g\000i}{chapter.4}% 24
\BOOKMARK [1][-]{section.4.3}{\376\377\000A\000\360\000g\000e\000r\000\360\000i\000r\000\040\000\341\000\040\000m\000e\000n\000g\000j\000u\000m}{chapter.4}% 25
\BOOKMARK [1][-]{section.4.4}{\376\377\000M\000e\000i\000r\000a\000\040\000u\000m\000\040\000a\000\360\000g\000e\000r\000\360\000i\000r\000\040\000\341\000\040\000m\000e\000n\000g\000j\000u\000m}{chapter.4}% 26
\BOOKMARK [1][-]{section.4.5}{\376\377\000R\000a\000u\000n\000t\000a\000l\000n\000a\000b\000i\000l}{chapter.4}% 27
\BOOKMARK [0][-]{chapter.5}{\376\377\000F\000\366\000l\000l}{}% 28
\BOOKMARK [1][-]{section.5.1}{\376\377\000V\000a\000r\000p\000a\000n\000i\000r\000\040\000o\000g\000\040\000f\000\366\000l\000l}{chapter.5}% 29
\BOOKMARK [1][-]{section.5.2}{\376\377\000G\000r\000a\000f\000\040\000v\000\366\000r\000p\000u\000n\000n\000a\000r}{chapter.5}% 30
\BOOKMARK [1][-]{section.5.3}{\376\377\000J\000a\000f\000n\000s\000t\000\346\000\360\000\040\000o\000g\000\040\000o\000d\000d\000s\000t\000\346\000\360\000\040\000f\000\366\000l\000l}{chapter.5}% 31
\BOOKMARK [1][-]{section.5.4}{\376\377\000E\000i\000n\000h\000a\000l\000l\000a\000\040\000f\000\366\000l\000l}{chapter.5}% 32
\BOOKMARK [1][-]{section.5.5}{\376\377\000G\000a\000f\000f\000a\000l\000f\000o\000r\000s\000k\000r\000i\000f\000t}{chapter.5}% 33
\BOOKMARK [1][-]{section.5.6}{\376\377\000L\000o\000t\000u\000b\000u\000n\000d\000i\000n\000\040\000f\000\366\000l\000l}{chapter.5}% 34
\BOOKMARK [1][-]{section.5.7}{\376\377\000A\000n\000d\000h\000v\000e\000r\000f\000u\000r\000\040\000f\000a\000l\000l\000a}{chapter.5}% 35
\BOOKMARK [0][-]{chapter.6}{\376\377\000M\000a\000r\000g\000l\000i\000\360\000u\000r}{}% 36
\BOOKMARK [1][-]{section.6.1}{\376\377\000M\000a\000r\000g\000l\000i\000\360\000u\000r}{chapter.6}% 37
\BOOKMARK [1][-]{section.6.2}{\376\377\000N\000\372\000l\000l\000s\000t\000\366\000\360\000v\000a\000r\000\040\000m\000a\000r\000g\000l\000i\000\360\000a}{chapter.6}% 38
\BOOKMARK [1][-]{section.6.3}{\376\377\000F\000y\000r\000s\000t\000a\000\040\000o\000g\000\040\000a\000n\000n\000a\000r\000s\000\040\000s\000t\000i\000g\000s\000\040\000m\000a\000r\000g\000l\000i\000\360\000u\000r}{chapter.6}% 39
\BOOKMARK [1][-]{section.6.4}{\376\377\000D\000e\000i\000l\000i\000n\000g\000\040\000m\000e\000\360\000\040\000a\000f\000g\000a\000n\000g\000i\000\040\000-\000\040\000m\000a\000r\000g\000l\000i\000\360\000u\000r}{chapter.6}% 40
\BOOKMARK [1][-]{section.6.5}{\376\377\000\336\000\341\000t\000t\000u\000n\000\040\000m\000a\000r\000g\000l\000i\000\360\000a}{chapter.6}% 41
\BOOKMARK [1][-]{section.6.6}{\376\377\000p\000/\000q\000-\000a\000\360\000f\000e\000r\000\360}{chapter.6}% 42
\BOOKMARK [1][-]{section.6.7}{\376\377\000P\000a\000s\000c\000a\000l}{chapter.6}% 43
\BOOKMARK [0][-]{chapter.7}{\376\377\000H\000o\000r\000n\000a\000f\000\366\000l\000l}{}% 44
\BOOKMARK [1][-]{section.7.1}{\376\377\000B\000o\000g\000a\000e\000i\000n\000i\000n\000g\000a\000r}{chapter.7}% 45
\BOOKMARK [1][-]{section.7.2}{\376\377\000K\000\363\000s\000\355\000n\000u\000s\000\040\000o\000g\000\040\000s\000\355\000n\000u\000s}{chapter.7}% 46
\BOOKMARK [1][-]{section.7.3}{\376\377\000\336\000e\000k\000k\000t\000\040\000g\000i\000l\000d\000i\000\040\000\341\000\040\000h\000o\000r\000n\000a\000f\000\366\000l\000l\000u\000m}{chapter.7}% 47
\BOOKMARK [1][-]{section.7.4}{\376\377\000T\000a\000n\000g\000e\000n\000s\000\040\000o\000g\000\040\000k\000\363\000t\000a\000n\000g\000e\000n\000s}{chapter.7}% 48
\BOOKMARK [1][-]{section.7.5}{\376\377\000M\000y\000n\000d\000i\000r\000\040\000a\000f\000\040\000h\000o\000r\000n\000a\000f\000\366\000l\000l\000u\000m}{chapter.7}% 49
\BOOKMARK [1][-]{section.7.6}{\376\377\000H\000o\000r\000n\000a\000f\000a\000l\000l\000a\000r\000e\000g\000l\000u\000r}{chapter.7}% 50
\BOOKMARK [1][-]{section.7.7}{\376\377\000T\000v\000\366\000f\000\366\000l\000d\000\040\000h\000o\000r\000n}{chapter.7}% 51
\BOOKMARK [1][-]{section.7.8}{\376\377\000A\000n\000d\000h\000v\000e\000r\000f\000u\000r\000\040\000h\000o\000r\000n\000a\000f\000a\000l\000l\000a\000n\000n\000a}{chapter.7}% 52
\BOOKMARK [1][-]{section.7.9}{\376\377\000T\000e\000n\000g\000s\000l\000\040\000\355\000\040\000r\000\372\000m\000f\000r\000\346\000\360\000i}{chapter.7}% 53
\BOOKMARK [1][-]{section.7.10}{\376\377\000H\000o\000r\000n\000a\000f\000a\000l\000l\000a\000r\000e\000g\000l\000u\000r\000n\000a\000r}{chapter.7}% 54
\BOOKMARK [0][-]{chapter.8}{\376\377\000V\000i\000g\000r\000a\000r}{}% 55
\BOOKMARK [1][-]{section.8.1}{\376\377\000S\000k\000i\000l\000g\000r\000e\000i\000n\000i\000n\000g}{chapter.8}% 56
\BOOKMARK [1][-]{section.8.2}{\376\377\000A\000\360\000\040\000l\000i\000\360\000a\000\040\000v\000i\000g\000r\000a}{chapter.8}% 57
\BOOKMARK [1][-]{section.8.3}{\376\377\000E\000i\000n\000i\000n\000g\000a\000r\000v\000i\000g\000r\000a\000r}{chapter.8}% 58
\BOOKMARK [1][-]{section.8.4}{\376\377\000S\000a\000m\000l\000a\000g\000n\000i\000n\000g\000\040\000v\000i\000g\000r\000a}{chapter.8}% 59
\BOOKMARK [1][-]{section.8.5}{\376\377\000M\000a\000r\000g\000f\000\366\000l\000d\000u\000n\000\040\000v\000i\000g\000r\000a}{chapter.8}% 60
\BOOKMARK [1][-]{section.8.6}{\376\377\000F\000l\000a\000t\000a\000r\000m\000y\000n\000d\000i\000r}{chapter.8}% 61
\BOOKMARK [0][-]{chapter.9}{\376\377\000M\000e\000i\000r\000a\000\040\000u\000m\000\040\000f\000\366\000l\000l}{}% 62
\BOOKMARK [1][-]{section.9.1}{\376\377\000A\000n\000d\000h\000v\000e\000r\000f\000u\000r}{chapter.9}% 63
\BOOKMARK [1][-]{section.9.2}{\376\377\000E\000i\000n\000t\000\346\000k\000\040\000o\000g\000\040\000\341\000t\000\346\000k\000\040\000f\000\366\000l\000l}{chapter.9}% 64
\BOOKMARK [1][-]{section.9.3}{\376\377\000S\000a\000m\000s\000k\000e\000y\000t\000i\000n\000g\000\040\000f\000a\000l\000l\000a}{chapter.9}% 65
\BOOKMARK [1][-]{section.9.4}{\376\377\000N\000o\000k\000k\000u\000r\000\040\000m\000i\000k\000i\000l\000v\000\346\000g\000\040\000f\000\366\000l\000l}{chapter.9}% 66
\BOOKMARK [1][-]{section.9.5}{\376\377\000U\000m\000m\000y\000n\000d\000a\000n\000i\000r}{chapter.9}% 67
\BOOKMARK [0][-]{chapter.10}{\376\377\000M\000a\000r\000k\000g\000i\000l\000d\000i}{}% 68
\BOOKMARK [1][-]{section.10.1}{\376\377\000M\000a\000r\000k\000g\000i\000l\000d\000i\000\040\000f\000a\000l\000l\000s}{chapter.10}% 69
\BOOKMARK [1][-]{section.10.2}{\376\377\000G\000e\000r\000\360\000i\000r\000\040\000m\000a\000r\000k\000g\000i\000l\000d\000a}{chapter.10}% 70
\BOOKMARK [1][-]{section.10.3}{\376\377\000R\000e\000i\000k\000n\000i\000a\000\360\000g\000e\000r\000\360\000i\000r\000\040\000\341\000\040\000m\000a\000r\000k\000g\000i\000l\000d\000u\000m}{chapter.10}% 71
\BOOKMARK [1][-]{section.10.4}{\376\377\000S\000a\000m\000f\000e\000l\000l\000d\000\040\000f\000\366\000l\000l}{chapter.10}% 72
\BOOKMARK [0][-]{chapter.11}{\376\377\000D\000i\000f\000f\000r\000u\000n}{}% 73
\BOOKMARK [1][-]{section.11.1}{\376\377\000S\000k\000\375\000r\000i\000n\000g\000a\000r\000d\000\346\000m\000i}{chapter.11}% 74
\BOOKMARK [1][-]{section.11.2}{\376\377\000S\000k\000i\000l\000g\000r\000e\000i\000n\000i\000n\000g}{chapter.11}% 75
\BOOKMARK [1][-]{section.11.3}{\376\377\000R\000e\000i\000k\000n\000i\000r\000e\000g\000l\000u\000r}{chapter.11}% 76
\BOOKMARK [1][-]{section.11.4}{\376\377\000\336\000e\000k\000k\000t\000a\000r\000\040\000a\000f\000l\000e\000i\000\360\000u\000r}{chapter.11}% 77
